<?xml version="1.0" encoding="UTF-8"?>
<testng-results ignored="0" total="2" passed="2" failed="0" skipped="0">
  <reporter-output>
    <line>
      <![CDATA[login]]>
    </line>
    <line>
      <![CDATA[createCustomer]]>
    </line>
    <line>
      <![CDATA[logout]]>
    </line>
    <line>
      <![CDATA[login]]>
    </line>
    <line>
      <![CDATA[deleteCustomer]]>
    </line>
    <line>
      <![CDATA[logout]]>
    </line>
  </reporter-output>
  <suite started-at="2022-11-03T14:47:16 IST" name="software testing" finished-at="2022-11-03T14:47:16 IST" duration-ms="228">
    <groups>
    </groups>
    <test started-at="2022-11-03T14:47:16 IST" name="functional testing" finished-at="2022-11-03T14:47:16 IST" duration-ms="228">
      <class name="framework.com.Banking">
        <test-method is-config="true" signature="login()[pri:0, instance:framework.com.Banking@3541cb24]" started-at="2022-11-03T14:47:16 IST" name="login" finished-at="2022-11-03T14:47:16 IST" duration-ms="20" status="PASS">
          <reporter-output>
            <line>
              <![CDATA[login]]>
            </line>
          </reporter-output>
        </test-method> <!-- login -->
        <test-method signature="createCustomer()[pri:0, instance:framework.com.Banking@3541cb24]" started-at="2022-11-03T14:47:16 IST" name="createCustomer" finished-at="2022-11-03T14:47:16 IST" duration-ms="19" status="PASS">
          <reporter-output>
            <line>
              <![CDATA[createCustomer]]>
            </line>
          </reporter-output>
        </test-method> <!-- createCustomer -->
        <test-method is-config="true" signature="logout()[pri:0, instance:framework.com.Banking@3541cb24]" started-at="2022-11-03T14:47:16 IST" name="logout" finished-at="2022-11-03T14:47:16 IST" duration-ms="3" status="PASS">
          <reporter-output>
            <line>
              <![CDATA[logout]]>
            </line>
          </reporter-output>
        </test-method> <!-- logout -->
        <test-method is-config="true" signature="login()[pri:0, instance:framework.com.Banking@3541cb24]" started-at="2022-11-03T14:47:16 IST" name="login" finished-at="2022-11-03T14:47:16 IST" duration-ms="1" status="PASS">
          <reporter-output>
            <line>
              <![CDATA[login]]>
            </line>
          </reporter-output>
        </test-method> <!-- login -->
        <test-method signature="deleteCustomer()[pri:0, instance:framework.com.Banking@3541cb24]" started-at="2022-11-03T14:47:16 IST" name="deleteCustomer" finished-at="2022-11-03T14:47:16 IST" duration-ms="7" status="PASS">
          <reporter-output>
            <line>
              <![CDATA[deleteCustomer]]>
            </line>
          </reporter-output>
        </test-method> <!-- deleteCustomer -->
        <test-method is-config="true" signature="logout()[pri:0, instance:framework.com.Banking@3541cb24]" started-at="2022-11-03T14:47:16 IST" name="logout" finished-at="2022-11-03T14:47:16 IST" duration-ms="1" status="PASS">
          <reporter-output>
            <line>
              <![CDATA[logout]]>
            </line>
          </reporter-output>
        </test-method> <!-- logout -->
      </class> <!-- framework.com.Banking -->
    </test> <!-- functional testing -->
  </suite> <!-- software testing -->
</testng-results>
